20.01.2022 22:26:00.340 [main] INFO   e.m.e.t.TaxiStationApplication - Starting TaxiStationApplication using Java 11.0.6 on NB-100286 with PID 50864 (C:\Users\EIdrisov\IdeaProjects\Project\TaxiStation\target\classes started by EIdrisov in C:\Users\EIdrisov\IdeaProjects\Project\TaxiStation)
20.01.2022 22:26:00.345 [main] INFO   e.m.e.t.TaxiStationApplication - No active profile set, falling back to default profiles: default
20.01.2022 22:26:00.985 [main] INFO   o.s.d.r.c.RepositoryConfigurationDelegate - Bootstrapping Spring Data JPA repositories in DEFAULT mode.
20.01.2022 22:26:01.052 [main] INFO   o.s.d.r.c.RepositoryConfigurationDelegate - Finished Spring Data repository scanning in 59 ms. Found 6 JPA repository interfaces.
20.01.2022 22:26:01.401 [main] INFO   o.s.b.w.e.t.TomcatWebServer - Tomcat initialized with port(s): 8080 (http)
20.01.2022 22:26:01.409 [main] INFO   o.a.c.h.Http11NioProtocol - Initializing ProtocolHandler ["http-nio-8080"]
20.01.2022 22:26:01.409 [main] INFO   o.a.c.c.StandardService - Starting service [Tomcat]
20.01.2022 22:26:01.409 [main] INFO   o.a.c.c.StandardEngine - Starting Servlet engine: [Apache Tomcat/9.0.56]
20.01.2022 22:26:01.492 [main] INFO   o.a.c.c.C.[.[.[/] - Initializing Spring embedded WebApplicationContext
20.01.2022 22:26:01.492 [main] INFO   o.s.b.w.s.c.ServletWebServerApplicationContext - Root WebApplicationContext: initialization completed in 1099 ms
20.01.2022 22:26:01.660 [main] INFO   c.z.h.HikariDataSource - HikariPool-1 - Starting...
20.01.2022 22:26:01.921 [main] INFO   c.z.h.HikariDataSource - HikariPool-1 - Start completed.
20.01.2022 22:26:02.042 [main] INFO   liquibase.database - Set default schema name to public
20.01.2022 22:26:02.110 [main] INFO   l.lockservice - Successfully acquired change log lock
20.01.2022 22:26:02.398 [main] ERROR  liquibase.parser - cvc-elt.1.a: Cannot find the declaration of element 'databaseChangeLog'.
20.01.2022 22:26:02.401 [main] INFO   l.lockservice - Successfully released change log lock
20.01.2022 22:26:02.405 [main] WARN   o.s.b.w.s.c.AnnotationConfigServletWebServerApplicationContext - Exception encountered during context initialization - cancelling refresh attempt: org.springframework.beans.factory.BeanCreationException: Error creating bean with name 'liquibase' defined in class path resource [org/springframework/boot/autoconfigure/liquibase/LiquibaseAutoConfiguration$LiquibaseConfiguration.class]: Invocation of init method failed; nested exception is liquibase.exception.ChangeLogParseException: Error parsing classpath:/db/changelog/db.changelog-master.yaml
20.01.2022 22:26:02.406 [main] INFO   c.z.h.HikariDataSource - HikariPool-1 - Shutdown initiated...
20.01.2022 22:26:02.473 [main] INFO   c.z.h.HikariDataSource - HikariPool-1 - Shutdown completed.
20.01.2022 22:26:02.475 [main] INFO   o.a.c.c.StandardService - Stopping service [Tomcat]
20.01.2022 22:26:02.482 [main] INFO   o.s.b.a.l.ConditionEvaluationReportLoggingListener - 

Error starting ApplicationContext. To display the conditions report re-run your application with 'debug' enabled.
20.01.2022 22:26:02.500 [main] ERROR  o.s.b.SpringApplication - Application run failed
org.springframework.beans.factory.BeanCreationException: Error creating bean with name 'liquibase' defined in class path resource [org/springframework/boot/autoconfigure/liquibase/LiquibaseAutoConfiguration$LiquibaseConfiguration.class]: Invocation of init method failed; nested exception is liquibase.exception.ChangeLogParseException: Error parsing classpath:/db/changelog/db.changelog-master.yaml
	at org.springframework.beans.factory.support.AbstractAutowireCapableBeanFactory.initializeBean(AbstractAutowireCapableBeanFactory.java:1804)
	at org.springframework.beans.factory.support.AbstractAutowireCapableBeanFactory.doCreateBean(AbstractAutowireCapableBeanFactory.java:620)
	at org.springframework.beans.factory.support.AbstractAutowireCapableBeanFactory.createBean(AbstractAutowireCapableBeanFactory.java:542)
	at org.springframework.beans.factory.support.AbstractBeanFactory.lambda$doGetBean$0(AbstractBeanFactory.java:335)
	at org.springframework.beans.factory.support.DefaultSingletonBeanRegistry.getSingleton(DefaultSingletonBeanRegistry.java:234)
	at org.springframework.beans.factory.support.AbstractBeanFactory.doGetBean(AbstractBeanFactory.java:333)
	at org.springframework.beans.factory.support.AbstractBeanFactory.getBean(AbstractBeanFactory.java:208)
	at org.springframework.beans.factory.support.AbstractBeanFactory.doGetBean(AbstractBeanFactory.java:322)
	at org.springframework.beans.factory.support.AbstractBeanFactory.getBean(AbstractBeanFactory.java:208)
	at org.springframework.context.support.AbstractApplicationContext.getBean(AbstractApplicationContext.java:1154)
	at org.springframework.context.support.AbstractApplicationContext.finishBeanFactoryInitialization(AbstractApplicationContext.java:908)
	at org.springframework.context.support.AbstractApplicationContext.refresh(AbstractApplicationContext.java:583)
	at org.springframework.boot.web.servlet.context.ServletWebServerApplicationContext.refresh(ServletWebServerApplicationContext.java:145)
	at org.springframework.boot.SpringApplication.refresh(SpringApplication.java:730)
	at org.springframework.boot.SpringApplication.refreshContext(SpringApplication.java:412)
	at org.springframework.boot.SpringApplication.run(SpringApplication.java:302)
	at org.springframework.boot.SpringApplication.run(SpringApplication.java:1301)
	at org.springframework.boot.SpringApplication.run(SpringApplication.java:1290)
	at elp.max.e.taxistation.TaxiStationApplication.main(TaxiStationApplication.java:10)
Caused by: liquibase.exception.ChangeLogParseException: Error parsing classpath:/db/changelog/db.changelog-master.yaml
	at liquibase.parser.core.yaml.YamlChangeLogParser.parse(YamlChangeLogParser.java:89)
	at liquibase.Liquibase.getDatabaseChangeLog(Liquibase.java:369)
	at liquibase.Liquibase.lambda$update$1(Liquibase.java:224)
	at liquibase.Scope.lambda$child$0(Scope.java:177)
	at liquibase.Scope.child(Scope.java:186)
	at liquibase.Scope.child(Scope.java:176)
	at liquibase.Scope.child(Scope.java:155)
	at liquibase.Liquibase.runInScope(Liquibase.java:2404)
	at liquibase.Liquibase.update(Liquibase.java:211)
	at liquibase.Liquibase.update(Liquibase.java:197)
	at liquibase.integration.spring.SpringLiquibase.performUpdate(SpringLiquibase.java:314)
	at liquibase.integration.spring.SpringLiquibase.afterPropertiesSet(SpringLiquibase.java:269)
	at org.springframework.beans.factory.support.AbstractAutowireCapableBeanFactory.invokeInitMethods(AbstractAutowireCapableBeanFactory.java:1863)
	at org.springframework.beans.factory.support.AbstractAutowireCapableBeanFactory.initializeBean(AbstractAutowireCapableBeanFactory.java:1800)
	... 18 common frames omitted
Caused by: liquibase.exception.SetupException: Error parsing line 2 column 72 of db/changelog/changeset/20-01-2022-alter-id-and-repairtime-type-of-columns.xml: cvc-elt.1.a: Cannot find the declaration of element 'databaseChangeLog'.
	at liquibase.changelog.DatabaseChangeLog.handleChildNode(DatabaseChangeLog.java:371)
	at liquibase.changelog.DatabaseChangeLog.load(DatabaseChangeLog.java:318)
	at liquibase.parser.core.yaml.YamlChangeLogParser.parse(YamlChangeLogParser.java:83)
	... 31 common frames omitted
Caused by: liquibase.exception.ChangeLogParseException: Error parsing line 2 column 72 of db/changelog/changeset/20-01-2022-alter-id-and-repairtime-type-of-columns.xml: cvc-elt.1.a: Cannot find the declaration of element 'databaseChangeLog'.
	at liquibase.parser.core.xml.XMLChangeLogSAXParser.parseToNode(XMLChangeLogSAXParser.java:97)
	at liquibase.parser.core.xml.AbstractChangeLogParser.parse(AbstractChangeLogParser.java:15)
	at liquibase.changelog.DatabaseChangeLog.include(DatabaseChangeLog.java:587)
	at liquibase.changelog.DatabaseChangeLog.handleChildNode(DatabaseChangeLog.java:363)
	... 33 common frames omitted
Caused by: org.xml.sax.SAXParseException: cvc-elt.1.a: Cannot find the declaration of element 'databaseChangeLog'.
	at java.xml/com.sun.org.apache.xerces.internal.util.ErrorHandlerWrapper.createSAXParseException(ErrorHandlerWrapper.java:204)
	at java.xml/com.sun.org.apache.xerces.internal.util.ErrorHandlerWrapper.error(ErrorHandlerWrapper.java:135)
	at java.xml/com.sun.org.apache.xerces.internal.impl.XMLErrorReporter.reportError(XMLErrorReporter.java:396)
	at java.xml/com.sun.org.apache.xerces.internal.impl.XMLErrorReporter.reportError(XMLErrorReporter.java:327)
	at java.xml/com.sun.org.apache.xerces.internal.impl.XMLErrorReporter.reportError(XMLErrorReporter.java:284)
	at java.xml/com.sun.org.apache.xerces.internal.impl.xs.XMLSchemaValidator.handleStartElement(XMLSchemaValidator.java:2132)
	at java.xml/com.sun.org.apache.xerces.internal.impl.xs.XMLSchemaValidator.startElement(XMLSchemaValidator.java:829)
	at java.xml/com.sun.org.apache.xerces.internal.impl.XMLNSDocumentScannerImpl.scanStartElement(XMLNSDocumentScannerImpl.java:374)
	at java.xml/com.sun.org.apache.xerces.internal.impl.XMLNSDocumentScannerImpl$NSContentDriver.scanRootElementHook(XMLNSDocumentScannerImpl.java:613)
	at java.xml/com.sun.org.apache.xerces.internal.impl.XMLDocumentFragmentScannerImpl$FragmentContentDriver.next(XMLDocumentFragmentScannerImpl.java:3063)
	at java.xml/com.sun.org.apache.xerces.internal.impl.XMLDocumentScannerImpl$PrologDriver.next(XMLDocumentScannerImpl.java:836)
	at java.xml/com.sun.org.apache.xerces.internal.impl.XMLDocumentScannerImpl.next(XMLDocumentScannerImpl.java:605)
	at java.xml/com.sun.org.apache.xerces.internal.impl.XMLNSDocumentScannerImpl.next(XMLNSDocumentScannerImpl.java:112)
	at java.xml/com.sun.org.apache.xerces.internal.impl.XMLDocumentFragmentScannerImpl.scanDocument(XMLDocumentFragmentScannerImpl.java:534)
	at java.xml/com.sun.org.apache.xerces.internal.parsers.XML11Configuration.parse(XML11Configuration.java:888)
	at java.xml/com.sun.org.apache.xerces.internal.parsers.XML11Configuration.parse(XML11Configuration.java:824)
	at java.xml/com.sun.org.apache.xerces.internal.parsers.XMLParser.parse(XMLParser.java:141)
	at java.xml/com.sun.org.apache.xerces.internal.parsers.AbstractSAXParser.parse(AbstractSAXParser.java:1216)
	at java.xml/com.sun.org.apache.xerces.internal.jaxp.SAXParserImpl$JAXPSAXParser.parse(SAXParserImpl.java:635)
	at liquibase.parser.core.xml.XMLChangeLogSAXParser.parseToNode(XMLChangeLogSAXParser.java:89)
	... 36 common frames omitted
20.01.2022 22:28:40.553 [main] INFO   e.m.e.t.TaxiStationApplication - Starting TaxiStationApplication using Java 11.0.6 on NB-100286 with PID 54604 (C:\Users\EIdrisov\IdeaProjects\Project\TaxiStation\target\classes started by EIdrisov in C:\Users\EIdrisov\IdeaProjects\Project\TaxiStation)
20.01.2022 22:28:40.555 [main] INFO   e.m.e.t.TaxiStationApplication - No active profile set, falling back to default profiles: default
20.01.2022 22:28:41.097 [main] INFO   o.s.d.r.c.RepositoryConfigurationDelegate - Bootstrapping Spring Data JPA repositories in DEFAULT mode.
20.01.2022 22:28:41.165 [main] INFO   o.s.d.r.c.RepositoryConfigurationDelegate - Finished Spring Data repository scanning in 61 ms. Found 6 JPA repository interfaces.
20.01.2022 22:28:41.466 [main] INFO   o.s.b.w.e.t.TomcatWebServer - Tomcat initialized with port(s): 8080 (http)
20.01.2022 22:28:41.472 [main] INFO   o.a.c.h.Http11NioProtocol - Initializing ProtocolHandler ["http-nio-8080"]
20.01.2022 22:28:41.473 [main] INFO   o.a.c.c.StandardService - Starting service [Tomcat]
20.01.2022 22:28:41.473 [main] INFO   o.a.c.c.StandardEngine - Starting Servlet engine: [Apache Tomcat/9.0.56]
20.01.2022 22:28:41.551 [main] INFO   o.a.c.c.C.[.[.[/] - Initializing Spring embedded WebApplicationContext
20.01.2022 22:28:41.551 [main] INFO   o.s.b.w.s.c.ServletWebServerApplicationContext - Root WebApplicationContext: initialization completed in 961 ms
20.01.2022 22:28:41.706 [main] INFO   c.z.h.HikariDataSource - HikariPool-1 - Starting...
20.01.2022 22:28:41.822 [main] INFO   c.z.h.HikariDataSource - HikariPool-1 - Start completed.
20.01.2022 22:28:41.911 [main] INFO   liquibase.database - Set default schema name to public
20.01.2022 22:28:41.967 [main] INFO   l.lockservice - Successfully acquired change log lock
20.01.2022 22:28:42.316 [main] INFO   liquibase.changelog - Reading from public.databasechangelog
20.01.2022 22:28:42.413 [main] INFO   liquibase.changelog - SQL in file sql/alter-id-type-of-column.sql executed
20.01.2022 22:28:42.426 [main] INFO   l.lockservice - Successfully released change log lock
20.01.2022 22:28:42.428 [main] WARN   o.s.b.w.s.c.AnnotationConfigServletWebServerApplicationContext - Exception encountered during context initialization - cancelling refresh attempt: org.springframework.beans.factory.BeanCreationException: Error creating bean with name 'liquibase' defined in class path resource [org/springframework/boot/autoconfigure/liquibase/LiquibaseAutoConfiguration$LiquibaseConfiguration.class]: Invocation of init method failed; nested exception is liquibase.exception.LiquibaseException: liquibase.exception.MigrationFailedException: Migration failed for change set db/changelog/changeset/20-01-2022-alter-id-and-repairtime-type-of-columns.xml::2::Employee:
     Reason: liquibase.exception.DatabaseException: ОШИБКА: значение по умолчанию для столбца "repair_time" нельзя автоматически привести к типу bigint [Failed SQL: (0) alter table service alter column repair_time type bigint using id::bigint]
20.01.2022 22:28:42.428 [main] INFO   c.z.h.HikariDataSource - HikariPool-1 - Shutdown initiated...
20.01.2022 22:28:42.440 [main] INFO   c.z.h.HikariDataSource - HikariPool-1 - Shutdown completed.
20.01.2022 22:28:42.442 [main] INFO   o.a.c.c.StandardService - Stopping service [Tomcat]
20.01.2022 22:28:42.449 [main] INFO   o.s.b.a.l.ConditionEvaluationReportLoggingListener - 

Error starting ApplicationContext. To display the conditions report re-run your application with 'debug' enabled.
20.01.2022 22:28:42.466 [main] ERROR  o.s.b.SpringApplication - Application run failed
org.springframework.beans.factory.BeanCreationException: Error creating bean with name 'liquibase' defined in class path resource [org/springframework/boot/autoconfigure/liquibase/LiquibaseAutoConfiguration$LiquibaseConfiguration.class]: Invocation of init method failed; nested exception is liquibase.exception.LiquibaseException: liquibase.exception.MigrationFailedException: Migration failed for change set db/changelog/changeset/20-01-2022-alter-id-and-repairtime-type-of-columns.xml::2::Employee:
     Reason: liquibase.exception.DatabaseException: ОШИБКА: значение по умолчанию для столбца "repair_time" нельзя автоматически привести к типу bigint [Failed SQL: (0) alter table service alter column repair_time type bigint using id::bigint]
	at org.springframework.beans.factory.support.AbstractAutowireCapableBeanFactory.initializeBean(AbstractAutowireCapableBeanFactory.java:1804)
	at org.springframework.beans.factory.support.AbstractAutowireCapableBeanFactory.doCreateBean(AbstractAutowireCapableBeanFactory.java:620)
	at org.springframework.beans.factory.support.AbstractAutowireCapableBeanFactory.createBean(AbstractAutowireCapableBeanFactory.java:542)
	at org.springframework.beans.factory.support.AbstractBeanFactory.lambda$doGetBean$0(AbstractBeanFactory.java:335)
	at org.springframework.beans.factory.support.DefaultSingletonBeanRegistry.getSingleton(DefaultSingletonBeanRegistry.java:234)
	at org.springframework.beans.factory.support.AbstractBeanFactory.doGetBean(AbstractBeanFactory.java:333)
	at org.springframework.beans.factory.support.AbstractBeanFactory.getBean(AbstractBeanFactory.java:208)
	at org.springframework.beans.factory.support.AbstractBeanFactory.doGetBean(AbstractBeanFactory.java:322)
	at org.springframework.beans.factory.support.AbstractBeanFactory.getBean(AbstractBeanFactory.java:208)
	at org.springframework.context.support.AbstractApplicationContext.getBean(AbstractApplicationContext.java:1154)
	at org.springframework.context.support.AbstractApplicationContext.finishBeanFactoryInitialization(AbstractApplicationContext.java:908)
	at org.springframework.context.support.AbstractApplicationContext.refresh(AbstractApplicationContext.java:583)
	at org.springframework.boot.web.servlet.context.ServletWebServerApplicationContext.refresh(ServletWebServerApplicationContext.java:145)
	at org.springframework.boot.SpringApplication.refresh(SpringApplication.java:730)
	at org.springframework.boot.SpringApplication.refreshContext(SpringApplication.java:412)
	at org.springframework.boot.SpringApplication.run(SpringApplication.java:302)
	at org.springframework.boot.SpringApplication.run(SpringApplication.java:1301)
	at org.springframework.boot.SpringApplication.run(SpringApplication.java:1290)
	at elp.max.e.taxistation.TaxiStationApplication.main(TaxiStationApplication.java:10)
Caused by: liquibase.exception.LiquibaseException: liquibase.exception.MigrationFailedException: Migration failed for change set db/changelog/changeset/20-01-2022-alter-id-and-repairtime-type-of-columns.xml::2::Employee:
     Reason: liquibase.exception.DatabaseException: ОШИБКА: значение по умолчанию для столбца "repair_time" нельзя автоматически привести к типу bigint [Failed SQL: (0) alter table service alter column repair_time type bigint using id::bigint]
	at liquibase.changelog.ChangeLogIterator.run(ChangeLogIterator.java:124)
	at liquibase.Liquibase.lambda$null$0(Liquibase.java:265)
	at liquibase.Scope.lambda$child$0(Scope.java:177)
	at liquibase.Scope.child(Scope.java:186)
	at liquibase.Scope.child(Scope.java:176)
	at liquibase.Scope.child(Scope.java:155)
	at liquibase.Scope.child(Scope.java:240)
	at liquibase.Liquibase.lambda$update$1(Liquibase.java:264)
	at liquibase.Scope.lambda$child$0(Scope.java:177)
	at liquibase.Scope.child(Scope.java:186)
	at liquibase.Scope.child(Scope.java:176)
	at liquibase.Scope.child(Scope.java:155)
	at liquibase.Liquibase.runInScope(Liquibase.java:2404)
	at liquibase.Liquibase.update(Liquibase.java:211)
	at liquibase.Liquibase.update(Liquibase.java:197)
	at liquibase.integration.spring.SpringLiquibase.performUpdate(SpringLiquibase.java:314)
	at liquibase.integration.spring.SpringLiquibase.afterPropertiesSet(SpringLiquibase.java:269)
	at org.springframework.beans.factory.support.AbstractAutowireCapableBeanFactory.invokeInitMethods(AbstractAutowireCapableBeanFactory.java:1863)
	at org.springframework.beans.factory.support.AbstractAutowireCapableBeanFactory.initializeBean(AbstractAutowireCapableBeanFactory.java:1800)
	... 18 common frames omitted
Caused by: liquibase.exception.MigrationFailedException: Migration failed for change set db/changelog/changeset/20-01-2022-alter-id-and-repairtime-type-of-columns.xml::2::Employee:
     Reason: liquibase.exception.DatabaseException: ОШИБКА: значение по умолчанию для столбца "repair_time" нельзя автоматически привести к типу bigint [Failed SQL: (0) alter table service alter column repair_time type bigint using id::bigint]
	at liquibase.changelog.ChangeSet.execute(ChangeSet.java:695)
	at liquibase.changelog.visitor.UpdateVisitor.visit(UpdateVisitor.java:49)
	at liquibase.changelog.ChangeLogIterator$2.lambda$null$0(ChangeLogIterator.java:111)
	at liquibase.Scope.lambda$child$0(Scope.java:177)
	at liquibase.Scope.child(Scope.java:186)
	at liquibase.Scope.child(Scope.java:176)
	at liquibase.Scope.child(Scope.java:155)
	at liquibase.changelog.ChangeLogIterator$2.lambda$run$1(ChangeLogIterator.java:110)
	at liquibase.Scope.lambda$child$0(Scope.java:177)
	at liquibase.Scope.child(Scope.java:186)
	at liquibase.Scope.child(Scope.java:176)
	at liquibase.Scope.child(Scope.java:155)
	at liquibase.Scope.child(Scope.java:240)
	at liquibase.changelog.ChangeLogIterator$2.run(ChangeLogIterator.java:94)
	at liquibase.Scope.lambda$child$0(Scope.java:177)
	at liquibase.Scope.child(Scope.java:186)
	at liquibase.Scope.child(Scope.java:176)
	at liquibase.Scope.child(Scope.java:155)
	at liquibase.Scope.child(Scope.java:240)
	at liquibase.Scope.child(Scope.java:244)
	at liquibase.changelog.ChangeLogIterator.run(ChangeLogIterator.java:66)
	... 36 common frames omitted
Caused by: liquibase.exception.DatabaseException: ОШИБКА: значение по умолчанию для столбца "repair_time" нельзя автоматически привести к типу bigint [Failed SQL: (0) alter table service alter column repair_time type bigint using id::bigint]
	at liquibase.executor.jvm.JdbcExecutor$ExecuteStatementCallback.doInStatement(JdbcExecutor.java:397)
	at liquibase.executor.jvm.JdbcExecutor.execute(JdbcExecutor.java:83)
	at liquibase.executor.jvm.JdbcExecutor.execute(JdbcExecutor.java:151)
	at liquibase.database.AbstractJdbcDatabase.execute(AbstractJdbcDatabase.java:1279)
	at liquibase.database.AbstractJdbcDatabase.executeStatements(AbstractJdbcDatabase.java:1261)
	at liquibase.changelog.ChangeSet.execute(ChangeSet.java:660)
	... 56 common frames omitted
Caused by: org.postgresql.util.PSQLException: ОШИБКА: значение по умолчанию для столбца "repair_time" нельзя автоматически привести к типу bigint
	at org.postgresql.core.v3.QueryExecutorImpl.receiveErrorResponse(QueryExecutorImpl.java:2674)
	at org.postgresql.core.v3.QueryExecutorImpl.processResults(QueryExecutorImpl.java:2364)
	at org.postgresql.core.v3.QueryExecutorImpl.execute(QueryExecutorImpl.java:354)
	at org.postgresql.jdbc.PgStatement.executeInternal(PgStatement.java:484)
	at org.postgresql.jdbc.PgStatement.execute(PgStatement.java:404)
	at org.postgresql.jdbc.PgStatement.executeWithFlags(PgStatement.java:325)
	at org.postgresql.jdbc.PgStatement.executeCachedSql(PgStatement.java:311)
	at org.postgresql.jdbc.PgStatement.executeWithFlags(PgStatement.java:287)
	at org.postgresql.jdbc.PgStatement.execute(PgStatement.java:282)
	at com.zaxxer.hikari.pool.ProxyStatement.execute(ProxyStatement.java:94)
	at com.zaxxer.hikari.pool.HikariProxyStatement.execute(HikariProxyStatement.java)
	at liquibase.executor.jvm.JdbcExecutor$ExecuteStatementCallback.doInStatement(JdbcExecutor.java:393)
	... 61 common frames omitted
20.01.2022 22:33:30.117 [main] INFO   e.m.e.t.TaxiStationApplication - Starting TaxiStationApplication using Java 11.0.6 on NB-100286 with PID 43020 (C:\Users\EIdrisov\IdeaProjects\Project\TaxiStation\target\classes started by EIdrisov in C:\Users\EIdrisov\IdeaProjects\Project\TaxiStation)
20.01.2022 22:33:30.119 [main] INFO   e.m.e.t.TaxiStationApplication - No active profile set, falling back to default profiles: default
20.01.2022 22:33:30.636 [main] INFO   o.s.d.r.c.RepositoryConfigurationDelegate - Bootstrapping Spring Data JPA repositories in DEFAULT mode.
20.01.2022 22:33:30.698 [main] INFO   o.s.d.r.c.RepositoryConfigurationDelegate - Finished Spring Data repository scanning in 54 ms. Found 6 JPA repository interfaces.
20.01.2022 22:33:30.993 [main] INFO   o.s.b.w.e.t.TomcatWebServer - Tomcat initialized with port(s): 8080 (http)
20.01.2022 22:33:30.998 [main] INFO   o.a.c.h.Http11NioProtocol - Initializing ProtocolHandler ["http-nio-8080"]
20.01.2022 22:33:30.998 [main] INFO   o.a.c.c.StandardService - Starting service [Tomcat]
20.01.2022 22:33:30.998 [main] INFO   o.a.c.c.StandardEngine - Starting Servlet engine: [Apache Tomcat/9.0.56]
20.01.2022 22:33:31.060 [main] INFO   o.a.c.c.C.[.[.[/] - Initializing Spring embedded WebApplicationContext
20.01.2022 22:33:31.060 [main] INFO   o.s.b.w.s.c.ServletWebServerApplicationContext - Root WebApplicationContext: initialization completed in 904 ms
20.01.2022 22:33:31.179 [main] INFO   c.z.h.HikariDataSource - HikariPool-1 - Starting...
20.01.2022 22:33:31.390 [main] INFO   c.z.h.HikariDataSource - HikariPool-1 - Start completed.
20.01.2022 22:33:31.487 [main] INFO   liquibase.database - Set default schema name to public
20.01.2022 22:33:31.548 [main] INFO   l.lockservice - Successfully acquired change log lock
20.01.2022 22:33:31.865 [main] INFO   liquibase.changelog - Reading from public.databasechangelog
20.01.2022 22:33:31.930 [main] INFO   liquibase.changelog - SQL in file sql/alter-id-type-of-column.sql executed
20.01.2022 22:33:31.941 [main] INFO   l.lockservice - Successfully released change log lock
20.01.2022 22:33:31.943 [main] WARN   o.s.b.w.s.c.AnnotationConfigServletWebServerApplicationContext - Exception encountered during context initialization - cancelling refresh attempt: org.springframework.beans.factory.BeanCreationException: Error creating bean with name 'liquibase' defined in class path resource [org/springframework/boot/autoconfigure/liquibase/LiquibaseAutoConfiguration$LiquibaseConfiguration.class]: Invocation of init method failed; nested exception is liquibase.exception.LiquibaseException: liquibase.exception.MigrationFailedException: Migration failed for change set db/changelog/changeset/20-01-2022-alter-id-and-repairtime-type-of-columns.xml::2::Employee:
     Reason: liquibase.exception.DatabaseException: ОШИБКА: ошибка синтаксиса (примерное положение: "SET")
  Позиция: 75 [Failed SQL: (0) alter table service alter column repair_time type bigint using id::bigint SET DEFAULT 20000]
20.01.2022 22:33:31.944 [main] INFO   c.z.h.HikariDataSource - HikariPool-1 - Shutdown initiated...
20.01.2022 22:33:31.949 [main] INFO   c.z.h.HikariDataSource - HikariPool-1 - Shutdown completed.
20.01.2022 22:33:31.951 [main] INFO   o.a.c.c.StandardService - Stopping service [Tomcat]
20.01.2022 22:33:31.959 [main] INFO   o.s.b.a.l.ConditionEvaluationReportLoggingListener - 

Error starting ApplicationContext. To display the conditions report re-run your application with 'debug' enabled.
20.01.2022 22:33:31.972 [main] ERROR  o.s.b.SpringApplication - Application run failed
org.springframework.beans.factory.BeanCreationException: Error creating bean with name 'liquibase' defined in class path resource [org/springframework/boot/autoconfigure/liquibase/LiquibaseAutoConfiguration$LiquibaseConfiguration.class]: Invocation of init method failed; nested exception is liquibase.exception.LiquibaseException: liquibase.exception.MigrationFailedException: Migration failed for change set db/changelog/changeset/20-01-2022-alter-id-and-repairtime-type-of-columns.xml::2::Employee:
     Reason: liquibase.exception.DatabaseException: ОШИБКА: ошибка синтаксиса (примерное положение: "SET")
  Позиция: 75 [Failed SQL: (0) alter table service alter column repair_time type bigint using id::bigint SET DEFAULT 20000]
	at org.springframework.beans.factory.support.AbstractAutowireCapableBeanFactory.initializeBean(AbstractAutowireCapableBeanFactory.java:1804)
	at org.springframework.beans.factory.support.AbstractAutowireCapableBeanFactory.doCreateBean(AbstractAutowireCapableBeanFactory.java:620)
	at org.springframework.beans.factory.support.AbstractAutowireCapableBeanFactory.createBean(AbstractAutowireCapableBeanFactory.java:542)
	at org.springframework.beans.factory.support.AbstractBeanFactory.lambda$doGetBean$0(AbstractBeanFactory.java:335)
	at org.springframework.beans.factory.support.DefaultSingletonBeanRegistry.getSingleton(DefaultSingletonBeanRegistry.java:234)
	at org.springframework.beans.factory.support.AbstractBeanFactory.doGetBean(AbstractBeanFactory.java:333)
	at org.springframework.beans.factory.support.AbstractBeanFactory.getBean(AbstractBeanFactory.java:208)
	at org.springframework.beans.factory.support.AbstractBeanFactory.doGetBean(AbstractBeanFactory.java:322)
	at org.springframework.beans.factory.support.AbstractBeanFactory.getBean(AbstractBeanFactory.java:208)
	at org.springframework.context.support.AbstractApplicationContext.getBean(AbstractApplicationContext.java:1154)
	at org.springframework.context.support.AbstractApplicationContext.finishBeanFactoryInitialization(AbstractApplicationContext.java:908)
	at org.springframework.context.support.AbstractApplicationContext.refresh(AbstractApplicationContext.java:583)
	at org.springframework.boot.web.servlet.context.ServletWebServerApplicationContext.refresh(ServletWebServerApplicationContext.java:145)
	at org.springframework.boot.SpringApplication.refresh(SpringApplication.java:730)
	at org.springframework.boot.SpringApplication.refreshContext(SpringApplication.java:412)
	at org.springframework.boot.SpringApplication.run(SpringApplication.java:302)
	at org.springframework.boot.SpringApplication.run(SpringApplication.java:1301)
	at org.springframework.boot.SpringApplication.run(SpringApplication.java:1290)
	at elp.max.e.taxistation.TaxiStationApplication.main(TaxiStationApplication.java:10)
Caused by: liquibase.exception.LiquibaseException: liquibase.exception.MigrationFailedException: Migration failed for change set db/changelog/changeset/20-01-2022-alter-id-and-repairtime-type-of-columns.xml::2::Employee:
     Reason: liquibase.exception.DatabaseException: ОШИБКА: ошибка синтаксиса (примерное положение: "SET")
  Позиция: 75 [Failed SQL: (0) alter table service alter column repair_time type bigint using id::bigint SET DEFAULT 20000]
	at liquibase.changelog.ChangeLogIterator.run(ChangeLogIterator.java:124)
	at liquibase.Liquibase.lambda$null$0(Liquibase.java:265)
	at liquibase.Scope.lambda$child$0(Scope.java:177)
	at liquibase.Scope.child(Scope.java:186)
	at liquibase.Scope.child(Scope.java:176)
	at liquibase.Scope.child(Scope.java:155)
	at liquibase.Scope.child(Scope.java:240)
	at liquibase.Liquibase.lambda$update$1(Liquibase.java:264)
	at liquibase.Scope.lambda$child$0(Scope.java:177)
	at liquibase.Scope.child(Scope.java:186)
	at liquibase.Scope.child(Scope.java:176)
	at liquibase.Scope.child(Scope.java:155)
	at liquibase.Liquibase.runInScope(Liquibase.java:2404)
	at liquibase.Liquibase.update(Liquibase.java:211)
	at liquibase.Liquibase.update(Liquibase.java:197)
	at liquibase.integration.spring.SpringLiquibase.performUpdate(SpringLiquibase.java:314)
	at liquibase.integration.spring.SpringLiquibase.afterPropertiesSet(SpringLiquibase.java:269)
	at org.springframework.beans.factory.support.AbstractAutowireCapableBeanFactory.invokeInitMethods(AbstractAutowireCapableBeanFactory.java:1863)
	at org.springframework.beans.factory.support.AbstractAutowireCapableBeanFactory.initializeBean(AbstractAutowireCapableBeanFactory.java:1800)
	... 18 common frames omitted
Caused by: liquibase.exception.MigrationFailedException: Migration failed for change set db/changelog/changeset/20-01-2022-alter-id-and-repairtime-type-of-columns.xml::2::Employee:
     Reason: liquibase.exception.DatabaseException: ОШИБКА: ошибка синтаксиса (примерное положение: "SET")
  Позиция: 75 [Failed SQL: (0) alter table service alter column repair_time type bigint using id::bigint SET DEFAULT 20000]
	at liquibase.changelog.ChangeSet.execute(ChangeSet.java:695)
	at liquibase.changelog.visitor.UpdateVisitor.visit(UpdateVisitor.java:49)
	at liquibase.changelog.ChangeLogIterator$2.lambda$null$0(ChangeLogIterator.java:111)
	at liquibase.Scope.lambda$child$0(Scope.java:177)
	at liquibase.Scope.child(Scope.java:186)
	at liquibase.Scope.child(Scope.java:176)
	at liquibase.Scope.child(Scope.java:155)
	at liquibase.changelog.ChangeLogIterator$2.lambda$run$1(ChangeLogIterator.java:110)
	at liquibase.Scope.lambda$child$0(Scope.java:177)
	at liquibase.Scope.child(Scope.java:186)
	at liquibase.Scope.child(Scope.java:176)
	at liquibase.Scope.child(Scope.java:155)
	at liquibase.Scope.child(Scope.java:240)
	at liquibase.changelog.ChangeLogIterator$2.run(ChangeLogIterator.java:94)
	at liquibase.Scope.lambda$child$0(Scope.java:177)
	at liquibase.Scope.child(Scope.java:186)
	at liquibase.Scope.child(Scope.java:176)
	at liquibase.Scope.child(Scope.java:155)
	at liquibase.Scope.child(Scope.java:240)
	at liquibase.Scope.child(Scope.java:244)
	at liquibase.changelog.ChangeLogIterator.run(ChangeLogIterator.java:66)
	... 36 common frames omitted
Caused by: liquibase.exception.DatabaseException: ОШИБКА: ошибка синтаксиса (примерное положение: "SET")
  Позиция: 75 [Failed SQL: (0) alter table service alter column repair_time type bigint using id::bigint SET DEFAULT 20000]
	at liquibase.executor.jvm.JdbcExecutor$ExecuteStatementCallback.doInStatement(JdbcExecutor.java:397)
	at liquibase.executor.jvm.JdbcExecutor.execute(JdbcExecutor.java:83)
	at liquibase.executor.jvm.JdbcExecutor.execute(JdbcExecutor.java:151)
	at liquibase.database.AbstractJdbcDatabase.execute(AbstractJdbcDatabase.java:1279)
	at liquibase.database.AbstractJdbcDatabase.executeStatements(AbstractJdbcDatabase.java:1261)
	at liquibase.changelog.ChangeSet.execute(ChangeSet.java:660)
	... 56 common frames omitted
Caused by: org.postgresql.util.PSQLException: ОШИБКА: ошибка синтаксиса (примерное положение: "SET")
  Позиция: 75
	at org.postgresql.core.v3.QueryExecutorImpl.receiveErrorResponse(QueryExecutorImpl.java:2674)
	at org.postgresql.core.v3.QueryExecutorImpl.processResults(QueryExecutorImpl.java:2364)
	at org.postgresql.core.v3.QueryExecutorImpl.execute(QueryExecutorImpl.java:354)
	at org.postgresql.jdbc.PgStatement.executeInternal(PgStatement.java:484)
	at org.postgresql.jdbc.PgStatement.execute(PgStatement.java:404)
	at org.postgresql.jdbc.PgStatement.executeWithFlags(PgStatement.java:325)
	at org.postgresql.jdbc.PgStatement.executeCachedSql(PgStatement.java:311)
	at org.postgresql.jdbc.PgStatement.executeWithFlags(PgStatement.java:287)
	at org.postgresql.jdbc.PgStatement.execute(PgStatement.java:282)
	at com.zaxxer.hikari.pool.ProxyStatement.execute(ProxyStatement.java:94)
	at com.zaxxer.hikari.pool.HikariProxyStatement.execute(HikariProxyStatement.java)
	at liquibase.executor.jvm.JdbcExecutor$ExecuteStatementCallback.doInStatement(JdbcExecutor.java:393)
	... 61 common frames omitted
20.01.2022 22:33:55.410 [main] INFO   e.m.e.t.TaxiStationApplication - Starting TaxiStationApplication using Java 11.0.6 on NB-100286 with PID 52268 (C:\Users\EIdrisov\IdeaProjects\Project\TaxiStation\target\classes started by EIdrisov in C:\Users\EIdrisov\IdeaProjects\Project\TaxiStation)
20.01.2022 22:33:55.412 [main] INFO   e.m.e.t.TaxiStationApplication - No active profile set, falling back to default profiles: default
20.01.2022 22:33:55.944 [main] INFO   o.s.d.r.c.RepositoryConfigurationDelegate - Bootstrapping Spring Data JPA repositories in DEFAULT mode.
20.01.2022 22:33:56.004 [main] INFO   o.s.d.r.c.RepositoryConfigurationDelegate - Finished Spring Data repository scanning in 54 ms. Found 6 JPA repository interfaces.
20.01.2022 22:33:56.300 [main] INFO   o.s.b.w.e.t.TomcatWebServer - Tomcat initialized with port(s): 8080 (http)
20.01.2022 22:33:56.305 [main] INFO   o.a.c.h.Http11NioProtocol - Initializing ProtocolHandler ["http-nio-8080"]
20.01.2022 22:33:56.305 [main] INFO   o.a.c.c.StandardService - Starting service [Tomcat]
20.01.2022 22:33:56.305 [main] INFO   o.a.c.c.StandardEngine - Starting Servlet engine: [Apache Tomcat/9.0.56]
20.01.2022 22:33:56.371 [main] INFO   o.a.c.c.C.[.[.[/] - Initializing Spring embedded WebApplicationContext
20.01.2022 22:33:56.371 [main] INFO   o.s.b.w.s.c.ServletWebServerApplicationContext - Root WebApplicationContext: initialization completed in 920 ms
20.01.2022 22:33:56.489 [main] INFO   c.z.h.HikariDataSource - HikariPool-1 - Starting...
20.01.2022 22:33:56.610 [main] INFO   c.z.h.HikariDataSource - HikariPool-1 - Start completed.
20.01.2022 22:33:56.704 [main] INFO   liquibase.database - Set default schema name to public
20.01.2022 22:33:56.761 [main] INFO   l.lockservice - Successfully acquired change log lock
20.01.2022 22:33:57.068 [main] INFO   liquibase.changelog - Reading from public.databasechangelog
20.01.2022 22:33:57.137 [main] INFO   liquibase.changelog - SQL in file sql/alter-id-type-of-column.sql executed
20.01.2022 22:33:57.147 [main] INFO   l.lockservice - Successfully released change log lock
20.01.2022 22:33:57.149 [main] WARN   o.s.b.w.s.c.AnnotationConfigServletWebServerApplicationContext - Exception encountered during context initialization - cancelling refresh attempt: org.springframework.beans.factory.BeanCreationException: Error creating bean with name 'liquibase' defined in class path resource [org/springframework/boot/autoconfigure/liquibase/LiquibaseAutoConfiguration$LiquibaseConfiguration.class]: Invocation of init method failed; nested exception is liquibase.exception.LiquibaseException: liquibase.exception.MigrationFailedException: Migration failed for change set db/changelog/changeset/20-01-2022-alter-id-and-repairtime-type-of-columns.xml::2::Employee:
     Reason: liquibase.exception.DatabaseException: ОШИБКА: ошибка синтаксиса (примерное положение: "DEFAULT")
  Позиция: 84 [Failed SQL: (0) alter table service alter column repair_time type bigint using id::bigint and  SET DEFAULT 20000]
20.01.2022 22:33:57.150 [main] INFO   c.z.h.HikariDataSource - HikariPool-1 - Shutdown initiated...
20.01.2022 22:33:57.244 [main] INFO   c.z.h.HikariDataSource - HikariPool-1 - Shutdown completed.
20.01.2022 22:33:57.245 [main] INFO   o.a.c.c.StandardService - Stopping service [Tomcat]
20.01.2022 22:33:57.253 [main] INFO   o.s.b.a.l.ConditionEvaluationReportLoggingListener - 

Error starting ApplicationContext. To display the conditions report re-run your application with 'debug' enabled.
20.01.2022 22:33:57.267 [main] ERROR  o.s.b.SpringApplication - Application run failed
org.springframework.beans.factory.BeanCreationException: Error creating bean with name 'liquibase' defined in class path resource [org/springframework/boot/autoconfigure/liquibase/LiquibaseAutoConfiguration$LiquibaseConfiguration.class]: Invocation of init method failed; nested exception is liquibase.exception.LiquibaseException: liquibase.exception.MigrationFailedException: Migration failed for change set db/changelog/changeset/20-01-2022-alter-id-and-repairtime-type-of-columns.xml::2::Employee:
     Reason: liquibase.exception.DatabaseException: ОШИБКА: ошибка синтаксиса (примерное положение: "DEFAULT")
  Позиция: 84 [Failed SQL: (0) alter table service alter column repair_time type bigint using id::bigint and  SET DEFAULT 20000]
	at org.springframework.beans.factory.support.AbstractAutowireCapableBeanFactory.initializeBean(AbstractAutowireCapableBeanFactory.java:1804)
	at org.springframework.beans.factory.support.AbstractAutowireCapableBeanFactory.doCreateBean(AbstractAutowireCapableBeanFactory.java:620)
	at org.springframework.beans.factory.support.AbstractAutowireCapableBeanFactory.createBean(AbstractAutowireCapableBeanFactory.java:542)
	at org.springframework.beans.factory.support.AbstractBeanFactory.lambda$doGetBean$0(AbstractBeanFactory.java:335)
	at org.springframework.beans.factory.support.DefaultSingletonBeanRegistry.getSingleton(DefaultSingletonBeanRegistry.java:234)
	at org.springframework.beans.factory.support.AbstractBeanFactory.doGetBean(AbstractBeanFactory.java:333)
	at org.springframework.beans.factory.support.AbstractBeanFactory.getBean(AbstractBeanFactory.java:208)
	at org.springframework.beans.factory.support.AbstractBeanFactory.doGetBean(AbstractBeanFactory.java:322)
	at org.springframework.beans.factory.support.AbstractBeanFactory.getBean(AbstractBeanFactory.java:208)
	at org.springframework.context.support.AbstractApplicationContext.getBean(AbstractApplicationContext.java:1154)
	at org.springframework.context.support.AbstractApplicationContext.finishBeanFactoryInitialization(AbstractApplicationContext.java:908)
	at org.springframework.context.support.AbstractApplicationContext.refresh(AbstractApplicationContext.java:583)
	at org.springframework.boot.web.servlet.context.ServletWebServerApplicationContext.refresh(ServletWebServerApplicationContext.java:145)
	at org.springframework.boot.SpringApplication.refresh(SpringApplication.java:730)
	at org.springframework.boot.SpringApplication.refreshContext(SpringApplication.java:412)
	at org.springframework.boot.SpringApplication.run(SpringApplication.java:302)
	at org.springframework.boot.SpringApplication.run(SpringApplication.java:1301)
	at org.springframework.boot.SpringApplication.run(SpringApplication.java:1290)
	at elp.max.e.taxistation.TaxiStationApplication.main(TaxiStationApplication.java:10)
Caused by: liquibase.exception.LiquibaseException: liquibase.exception.MigrationFailedException: Migration failed for change set db/changelog/changeset/20-01-2022-alter-id-and-repairtime-type-of-columns.xml::2::Employee:
     Reason: liquibase.exception.DatabaseException: ОШИБКА: ошибка синтаксиса (примерное положение: "DEFAULT")
  Позиция: 84 [Failed SQL: (0) alter table service alter column repair_time type bigint using id::bigint and  SET DEFAULT 20000]
	at liquibase.changelog.ChangeLogIterator.run(ChangeLogIterator.java:124)
	at liquibase.Liquibase.lambda$null$0(Liquibase.java:265)
	at liquibase.Scope.lambda$child$0(Scope.java:177)
	at liquibase.Scope.child(Scope.java:186)
	at liquibase.Scope.child(Scope.java:176)
	at liquibase.Scope.child(Scope.java:155)
	at liquibase.Scope.child(Scope.java:240)
	at liquibase.Liquibase.lambda$update$1(Liquibase.java:264)
	at liquibase.Scope.lambda$child$0(Scope.java:177)
	at liquibase.Scope.child(Scope.java:186)
	at liquibase.Scope.child(Scope.java:176)
	at liquibase.Scope.child(Scope.java:155)
	at liquibase.Liquibase.runInScope(Liquibase.java:2404)
	at liquibase.Liquibase.update(Liquibase.java:211)
	at liquibase.Liquibase.update(Liquibase.java:197)
	at liquibase.integration.spring.SpringLiquibase.performUpdate(SpringLiquibase.java:314)
	at liquibase.integration.spring.SpringLiquibase.afterPropertiesSet(SpringLiquibase.java:269)
	at org.springframework.beans.factory.support.AbstractAutowireCapableBeanFactory.invokeInitMethods(AbstractAutowireCapableBeanFactory.java:1863)
	at org.springframework.beans.factory.support.AbstractAutowireCapableBeanFactory.initializeBean(AbstractAutowireCapableBeanFactory.java:1800)
	... 18 common frames omitted
Caused by: liquibase.exception.MigrationFailedException: Migration failed for change set db/changelog/changeset/20-01-2022-alter-id-and-repairtime-type-of-columns.xml::2::Employee:
     Reason: liquibase.exception.DatabaseException: ОШИБКА: ошибка синтаксиса (примерное положение: "DEFAULT")
  Позиция: 84 [Failed SQL: (0) alter table service alter column repair_time type bigint using id::bigint and  SET DEFAULT 20000]
	at liquibase.changelog.ChangeSet.execute(ChangeSet.java:695)
	at liquibase.changelog.visitor.UpdateVisitor.visit(UpdateVisitor.java:49)
	at liquibase.changelog.ChangeLogIterator$2.lambda$null$0(ChangeLogIterator.java:111)
	at liquibase.Scope.lambda$child$0(Scope.java:177)
	at liquibase.Scope.child(Scope.java:186)
	at liquibase.Scope.child(Scope.java:176)
	at liquibase.Scope.child(Scope.java:155)
	at liquibase.changelog.ChangeLogIterator$2.lambda$run$1(ChangeLogIterator.java:110)
	at liquibase.Scope.lambda$child$0(Scope.java:177)
	at liquibase.Scope.child(Scope.java:186)
	at liquibase.Scope.child(Scope.java:176)
	at liquibase.Scope.child(Scope.java:155)
	at liquibase.Scope.child(Scope.java:240)
	at liquibase.changelog.ChangeLogIterator$2.run(ChangeLogIterator.java:94)
	at liquibase.Scope.lambda$child$0(Scope.java:177)
	at liquibase.Scope.child(Scope.java:186)
	at liquibase.Scope.child(Scope.java:176)
	at liquibase.Scope.child(Scope.java:155)
	at liquibase.Scope.child(Scope.java:240)
	at liquibase.Scope.child(Scope.java:244)
	at liquibase.changelog.ChangeLogIterator.run(ChangeLogIterator.java:66)
	... 36 common frames omitted
Caused by: liquibase.exception.DatabaseException: ОШИБКА: ошибка синтаксиса (примерное положение: "DEFAULT")
  Позиция: 84 [Failed SQL: (0) alter table service alter column repair_time type bigint using id::bigint and  SET DEFAULT 20000]
	at liquibase.executor.jvm.JdbcExecutor$ExecuteStatementCallback.doInStatement(JdbcExecutor.java:397)
	at liquibase.executor.jvm.JdbcExecutor.execute(JdbcExecutor.java:83)
	at liquibase.executor.jvm.JdbcExecutor.execute(JdbcExecutor.java:151)
	at liquibase.database.AbstractJdbcDatabase.execute(AbstractJdbcDatabase.java:1279)
	at liquibase.database.AbstractJdbcDatabase.executeStatements(AbstractJdbcDatabase.java:1261)
	at liquibase.changelog.ChangeSet.execute(ChangeSet.java:660)
	... 56 common frames omitted
Caused by: org.postgresql.util.PSQLException: ОШИБКА: ошибка синтаксиса (примерное положение: "DEFAULT")
  Позиция: 84
	at org.postgresql.core.v3.QueryExecutorImpl.receiveErrorResponse(QueryExecutorImpl.java:2674)
	at org.postgresql.core.v3.QueryExecutorImpl.processResults(QueryExecutorImpl.java:2364)
	at org.postgresql.core.v3.QueryExecutorImpl.execute(QueryExecutorImpl.java:354)
	at org.postgresql.jdbc.PgStatement.executeInternal(PgStatement.java:484)
	at org.postgresql.jdbc.PgStatement.execute(PgStatement.java:404)
	at org.postgresql.jdbc.PgStatement.executeWithFlags(PgStatement.java:325)
	at org.postgresql.jdbc.PgStatement.executeCachedSql(PgStatement.java:311)
	at org.postgresql.jdbc.PgStatement.executeWithFlags(PgStatement.java:287)
	at org.postgresql.jdbc.PgStatement.execute(PgStatement.java:282)
	at com.zaxxer.hikari.pool.ProxyStatement.execute(ProxyStatement.java:94)
	at com.zaxxer.hikari.pool.HikariProxyStatement.execute(HikariProxyStatement.java)
	at liquibase.executor.jvm.JdbcExecutor$ExecuteStatementCallback.doInStatement(JdbcExecutor.java:393)
	... 61 common frames omitted
20.01.2022 22:35:21.581 [main] INFO   e.m.e.t.TaxiStationApplication - Starting TaxiStationApplication using Java 11.0.6 on NB-100286 with PID 55464 (C:\Users\EIdrisov\IdeaProjects\Project\TaxiStation\target\classes started by EIdrisov in C:\Users\EIdrisov\IdeaProjects\Project\TaxiStation)
20.01.2022 22:35:21.583 [main] INFO   e.m.e.t.TaxiStationApplication - No active profile set, falling back to default profiles: default
20.01.2022 22:35:22.125 [main] INFO   o.s.d.r.c.RepositoryConfigurationDelegate - Bootstrapping Spring Data JPA repositories in DEFAULT mode.
20.01.2022 22:35:22.178 [main] INFO   o.s.d.r.c.RepositoryConfigurationDelegate - Finished Spring Data repository scanning in 48 ms. Found 6 JPA repository interfaces.
20.01.2022 22:35:22.493 [main] INFO   o.s.b.w.e.t.TomcatWebServer - Tomcat initialized with port(s): 8080 (http)
20.01.2022 22:35:22.499 [main] INFO   o.a.c.h.Http11NioProtocol - Initializing ProtocolHandler ["http-nio-8080"]
20.01.2022 22:35:22.499 [main] INFO   o.a.c.c.StandardService - Starting service [Tomcat]
20.01.2022 22:35:22.499 [main] INFO   o.a.c.c.StandardEngine - Starting Servlet engine: [Apache Tomcat/9.0.56]
20.01.2022 22:35:22.569 [main] INFO   o.a.c.c.C.[.[.[/] - Initializing Spring embedded WebApplicationContext
20.01.2022 22:35:22.569 [main] INFO   o.s.b.w.s.c.ServletWebServerApplicationContext - Root WebApplicationContext: initialization completed in 938 ms
20.01.2022 22:35:22.700 [main] INFO   c.z.h.HikariDataSource - HikariPool-1 - Starting...
20.01.2022 22:35:22.822 [main] INFO   c.z.h.HikariDataSource - HikariPool-1 - Start completed.
20.01.2022 22:35:22.909 [main] INFO   liquibase.database - Set default schema name to public
20.01.2022 22:35:22.963 [main] INFO   l.lockservice - Successfully acquired change log lock
20.01.2022 22:35:23.269 [main] INFO   liquibase.changelog - Reading from public.databasechangelog
20.01.2022 22:35:23.336 [main] INFO   liquibase.changelog - SQL in file sql/alter-id-type-of-column.sql executed
20.01.2022 22:35:23.348 [main] INFO   l.lockservice - Successfully released change log lock
20.01.2022 22:35:23.352 [main] WARN   o.s.b.w.s.c.AnnotationConfigServletWebServerApplicationContext - Exception encountered during context initialization - cancelling refresh attempt: org.springframework.beans.factory.BeanCreationException: Error creating bean with name 'liquibase' defined in class path resource [org/springframework/boot/autoconfigure/liquibase/LiquibaseAutoConfiguration$LiquibaseConfiguration.class]: Invocation of init method failed; nested exception is liquibase.exception.LiquibaseException: liquibase.exception.MigrationFailedException: Migration failed for change set db/changelog/changeset/20-01-2022-alter-id-and-repairtime-type-of-columns.xml::2::Employee:
     Reason: liquibase.exception.DatabaseException: ОШИБКА: значение по умолчанию для столбца "repair_time" нельзя автоматически привести к типу bigint [Failed SQL: (0) alter table service alter column repair_time type bigint using id::bigint]
20.01.2022 22:35:23.352 [main] INFO   c.z.h.HikariDataSource - HikariPool-1 - Shutdown initiated...
20.01.2022 22:35:23.390 [main] INFO   c.z.h.HikariDataSource - HikariPool-1 - Shutdown completed.
20.01.2022 22:35:23.392 [main] INFO   o.a.c.c.StandardService - Stopping service [Tomcat]
20.01.2022 22:35:23.399 [main] INFO   o.s.b.a.l.ConditionEvaluationReportLoggingListener - 

Error starting ApplicationContext. To display the conditions report re-run your application with 'debug' enabled.
20.01.2022 22:35:23.412 [main] ERROR  o.s.b.SpringApplication - Application run failed
org.springframework.beans.factory.BeanCreationException: Error creating bean with name 'liquibase' defined in class path resource [org/springframework/boot/autoconfigure/liquibase/LiquibaseAutoConfiguration$LiquibaseConfiguration.class]: Invocation of init method failed; nested exception is liquibase.exception.LiquibaseException: liquibase.exception.MigrationFailedException: Migration failed for change set db/changelog/changeset/20-01-2022-alter-id-and-repairtime-type-of-columns.xml::2::Employee:
     Reason: liquibase.exception.DatabaseException: ОШИБКА: значение по умолчанию для столбца "repair_time" нельзя автоматически привести к типу bigint [Failed SQL: (0) alter table service alter column repair_time type bigint using id::bigint]
	at org.springframework.beans.factory.support.AbstractAutowireCapableBeanFactory.initializeBean(AbstractAutowireCapableBeanFactory.java:1804)
	at org.springframework.beans.factory.support.AbstractAutowireCapableBeanFactory.doCreateBean(AbstractAutowireCapableBeanFactory.java:620)
	at org.springframework.beans.factory.support.AbstractAutowireCapableBeanFactory.createBean(AbstractAutowireCapableBeanFactory.java:542)
	at org.springframework.beans.factory.support.AbstractBeanFactory.lambda$doGetBean$0(AbstractBeanFactory.java:335)
	at org.springframework.beans.factory.support.DefaultSingletonBeanRegistry.getSingleton(DefaultSingletonBeanRegistry.java:234)
	at org.springframework.beans.factory.support.AbstractBeanFactory.doGetBean(AbstractBeanFactory.java:333)
	at org.springframework.beans.factory.support.AbstractBeanFactory.getBean(AbstractBeanFactory.java:208)
	at org.springframework.beans.factory.support.AbstractBeanFactory.doGetBean(AbstractBeanFactory.java:322)
	at org.springframework.beans.factory.support.AbstractBeanFactory.getBean(AbstractBeanFactory.java:208)
	at org.springframework.context.support.AbstractApplicationContext.getBean(AbstractApplicationContext.java:1154)
	at org.springframework.context.support.AbstractApplicationContext.finishBeanFactoryInitialization(AbstractApplicationContext.java:908)
	at org.springframework.context.support.AbstractApplicationContext.refresh(AbstractApplicationContext.java:583)
	at org.springframework.boot.web.servlet.context.ServletWebServerApplicationContext.refresh(ServletWebServerApplicationContext.java:145)
	at org.springframework.boot.SpringApplication.refresh(SpringApplication.java:730)
	at org.springframework.boot.SpringApplication.refreshContext(SpringApplication.java:412)
	at org.springframework.boot.SpringApplication.run(SpringApplication.java:302)
	at org.springframework.boot.SpringApplication.run(SpringApplication.java:1301)
	at org.springframework.boot.SpringApplication.run(SpringApplication.java:1290)
	at elp.max.e.taxistation.TaxiStationApplication.main(TaxiStationApplication.java:10)
Caused by: liquibase.exception.LiquibaseException: liquibase.exception.MigrationFailedException: Migration failed for change set db/changelog/changeset/20-01-2022-alter-id-and-repairtime-type-of-columns.xml::2::Employee:
     Reason: liquibase.exception.DatabaseException: ОШИБКА: значение по умолчанию для столбца "repair_time" нельзя автоматически привести к типу bigint [Failed SQL: (0) alter table service alter column repair_time type bigint using id::bigint]
	at liquibase.changelog.ChangeLogIterator.run(ChangeLogIterator.java:124)
	at liquibase.Liquibase.lambda$null$0(Liquibase.java:265)
	at liquibase.Scope.lambda$child$0(Scope.java:177)
	at liquibase.Scope.child(Scope.java:186)
	at liquibase.Scope.child(Scope.java:176)
	at liquibase.Scope.child(Scope.java:155)
	at liquibase.Scope.child(Scope.java:240)
	at liquibase.Liquibase.lambda$update$1(Liquibase.java:264)
	at liquibase.Scope.lambda$child$0(Scope.java:177)
	at liquibase.Scope.child(Scope.java:186)
	at liquibase.Scope.child(Scope.java:176)
	at liquibase.Scope.child(Scope.java:155)
	at liquibase.Liquibase.runInScope(Liquibase.java:2404)
	at liquibase.Liquibase.update(Liquibase.java:211)
	at liquibase.Liquibase.update(Liquibase.java:197)
	at liquibase.integration.spring.SpringLiquibase.performUpdate(SpringLiquibase.java:314)
	at liquibase.integration.spring.SpringLiquibase.afterPropertiesSet(SpringLiquibase.java:269)
	at org.springframework.beans.factory.support.AbstractAutowireCapableBeanFactory.invokeInitMethods(AbstractAutowireCapableBeanFactory.java:1863)
	at org.springframework.beans.factory.support.AbstractAutowireCapableBeanFactory.initializeBean(AbstractAutowireCapableBeanFactory.java:1800)
	... 18 common frames omitted
Caused by: liquibase.exception.MigrationFailedException: Migration failed for change set db/changelog/changeset/20-01-2022-alter-id-and-repairtime-type-of-columns.xml::2::Employee:
     Reason: liquibase.exception.DatabaseException: ОШИБКА: значение по умолчанию для столбца "repair_time" нельзя автоматически привести к типу bigint [Failed SQL: (0) alter table service alter column repair_time type bigint using id::bigint]
	at liquibase.changelog.ChangeSet.execute(ChangeSet.java:695)
	at liquibase.changelog.visitor.UpdateVisitor.visit(UpdateVisitor.java:49)
	at liquibase.changelog.ChangeLogIterator$2.lambda$null$0(ChangeLogIterator.java:111)
	at liquibase.Scope.lambda$child$0(Scope.java:177)
	at liquibase.Scope.child(Scope.java:186)
	at liquibase.Scope.child(Scope.java:176)
	at liquibase.Scope.child(Scope.java:155)
	at liquibase.changelog.ChangeLogIterator$2.lambda$run$1(ChangeLogIterator.java:110)
	at liquibase.Scope.lambda$child$0(Scope.java:177)
	at liquibase.Scope.child(Scope.java:186)
	at liquibase.Scope.child(Scope.java:176)
	at liquibase.Scope.child(Scope.java:155)
	at liquibase.Scope.child(Scope.java:240)
	at liquibase.changelog.ChangeLogIterator$2.run(ChangeLogIterator.java:94)
	at liquibase.Scope.lambda$child$0(Scope.java:177)
	at liquibase.Scope.child(Scope.java:186)
	at liquibase.Scope.child(Scope.java:176)
	at liquibase.Scope.child(Scope.java:155)
	at liquibase.Scope.child(Scope.java:240)
	at liquibase.Scope.child(Scope.java:244)
	at liquibase.changelog.ChangeLogIterator.run(ChangeLogIterator.java:66)
	... 36 common frames omitted
Caused by: liquibase.exception.DatabaseException: ОШИБКА: значение по умолчанию для столбца "repair_time" нельзя автоматически привести к типу bigint [Failed SQL: (0) alter table service alter column repair_time type bigint using id::bigint]
	at liquibase.executor.jvm.JdbcExecutor$ExecuteStatementCallback.doInStatement(JdbcExecutor.java:397)
	at liquibase.executor.jvm.JdbcExecutor.execute(JdbcExecutor.java:83)
	at liquibase.executor.jvm.JdbcExecutor.execute(JdbcExecutor.java:151)
	at liquibase.database.AbstractJdbcDatabase.execute(AbstractJdbcDatabase.java:1279)
	at liquibase.database.AbstractJdbcDatabase.executeStatements(AbstractJdbcDatabase.java:1261)
	at liquibase.changelog.ChangeSet.execute(ChangeSet.java:660)
	... 56 common frames omitted
Caused by: org.postgresql.util.PSQLException: ОШИБКА: значение по умолчанию для столбца "repair_time" нельзя автоматически привести к типу bigint
	at org.postgresql.core.v3.QueryExecutorImpl.receiveErrorResponse(QueryExecutorImpl.java:2674)
	at org.postgresql.core.v3.QueryExecutorImpl.processResults(QueryExecutorImpl.java:2364)
	at org.postgresql.core.v3.QueryExecutorImpl.execute(QueryExecutorImpl.java:354)
	at org.postgresql.jdbc.PgStatement.executeInternal(PgStatement.java:484)
	at org.postgresql.jdbc.PgStatement.execute(PgStatement.java:404)
	at org.postgresql.jdbc.PgStatement.executeWithFlags(PgStatement.java:325)
	at org.postgresql.jdbc.PgStatement.executeCachedSql(PgStatement.java:311)
	at org.postgresql.jdbc.PgStatement.executeWithFlags(PgStatement.java:287)
	at org.postgresql.jdbc.PgStatement.execute(PgStatement.java:282)
	at com.zaxxer.hikari.pool.ProxyStatement.execute(ProxyStatement.java:94)
	at com.zaxxer.hikari.pool.HikariProxyStatement.execute(HikariProxyStatement.java)
	at liquibase.executor.jvm.JdbcExecutor$ExecuteStatementCallback.doInStatement(JdbcExecutor.java:393)
	... 61 common frames omitted
20.01.2022 22:36:05.333 [main] INFO   e.m.e.t.TaxiStationApplication - Starting TaxiStationApplication using Java 11.0.6 on NB-100286 with PID 35584 (C:\Users\EIdrisov\IdeaProjects\Project\TaxiStation\target\classes started by EIdrisov in C:\Users\EIdrisov\IdeaProjects\Project\TaxiStation)
20.01.2022 22:36:05.336 [main] INFO   e.m.e.t.TaxiStationApplication - No active profile set, falling back to default profiles: default
20.01.2022 22:36:05.883 [main] INFO   o.s.d.r.c.RepositoryConfigurationDelegate - Bootstrapping Spring Data JPA repositories in DEFAULT mode.
20.01.2022 22:36:05.945 [main] INFO   o.s.d.r.c.RepositoryConfigurationDelegate - Finished Spring Data repository scanning in 53 ms. Found 6 JPA repository interfaces.
20.01.2022 22:36:06.262 [main] INFO   o.s.b.w.e.t.TomcatWebServer - Tomcat initialized with port(s): 8080 (http)
20.01.2022 22:36:06.268 [main] INFO   o.a.c.h.Http11NioProtocol - Initializing ProtocolHandler ["http-nio-8080"]
20.01.2022 22:36:06.268 [main] INFO   o.a.c.c.StandardService - Starting service [Tomcat]
20.01.2022 22:36:06.268 [main] INFO   o.a.c.c.StandardEngine - Starting Servlet engine: [Apache Tomcat/9.0.56]
20.01.2022 22:36:06.335 [main] INFO   o.a.c.c.C.[.[.[/] - Initializing Spring embedded WebApplicationContext
20.01.2022 22:36:06.335 [main] INFO   o.s.b.w.s.c.ServletWebServerApplicationContext - Root WebApplicationContext: initialization completed in 964 ms
20.01.2022 22:36:06.457 [main] INFO   c.z.h.HikariDataSource - HikariPool-1 - Starting...
20.01.2022 22:36:06.580 [main] INFO   c.z.h.HikariDataSource - HikariPool-1 - Start completed.
20.01.2022 22:36:06.670 [main] INFO   liquibase.database - Set default schema name to public
20.01.2022 22:36:06.722 [main] INFO   l.lockservice - Successfully acquired change log lock
20.01.2022 22:36:07.066 [main] INFO   liquibase.changelog - Reading from public.databasechangelog
20.01.2022 22:36:07.133 [main] INFO   liquibase.changelog - SQL in file sql/alter-id-type-of-column.sql executed
20.01.2022 22:36:07.139 [main] INFO   liquibase.changelog - SQL in file sql/alter-repairtime-type-of-column-and-default.sql executed
20.01.2022 22:36:07.150 [main] INFO   liquibase.changelog - ChangeSet db/changelog/changeset/20-01-2022-alter-id-and-repairtime-type-of-columns.xml::2::Employee ran successfully in 55ms
20.01.2022 22:36:07.156 [main] INFO   l.lockservice - Successfully released change log lock
20.01.2022 22:36:07.218 [main] INFO   o.h.j.i.u.LogHelper - HHH000204: Processing PersistenceUnitInfo [name: default]
20.01.2022 22:36:07.255 [main] INFO   o.hibernate.Version - HHH000412: Hibernate ORM core version 5.6.3.Final
20.01.2022 22:36:07.358 [main] INFO   o.h.a.common.Version - HCANN000001: Hibernate Commons Annotations {5.1.2.Final}
20.01.2022 22:36:07.432 [main] INFO   o.h.dialect.Dialect - HHH000400: Using dialect: org.hibernate.dialect.PostgreSQL10Dialect
20.01.2022 22:36:07.847 [main] INFO   o.h.e.t.j.p.i.JtaPlatformInitiator - HHH000490: Using JtaPlatform implementation: [org.hibernate.engine.transaction.jta.platform.internal.NoJtaPlatform]
20.01.2022 22:36:07.852 [main] INFO   o.s.o.j.LocalContainerEntityManagerFactoryBean - Initialized JPA EntityManagerFactory for persistence unit 'default'
20.01.2022 22:36:08.198 [main] WARN   o.s.b.a.o.j.JpaBaseConfiguration$JpaWebConfiguration - spring.jpa.open-in-view is enabled by default. Therefore, database queries may be performed during view rendering. Explicitly configure spring.jpa.open-in-view to disable this warning
20.01.2022 22:36:08.316 [main] INFO   o.s.b.a.w.s.WelcomePageHandlerMapping - Adding welcome page: class path resource [static/index.html]
20.01.2022 22:36:08.399 [main] INFO   o.a.c.h.Http11NioProtocol - Starting ProtocolHandler ["http-nio-8080"]
20.01.2022 22:36:08.436 [main] INFO   o.s.b.w.e.t.TomcatWebServer - Tomcat started on port(s): 8080 (http) with context path ''
20.01.2022 22:36:08.451 [main] INFO   e.m.e.t.TaxiStationApplication - Started TaxiStationApplication in 3.448 seconds (JVM running for 4.095)
20.01.2022 22:37:19.076 [http-nio-8080-exec-1] INFO   o.a.c.c.C.[.[.[/] - Initializing Spring DispatcherServlet 'dispatcherServlet'
20.01.2022 22:37:19.077 [http-nio-8080-exec-1] INFO   o.s.w.s.DispatcherServlet - Initializing Servlet 'dispatcherServlet'
20.01.2022 22:37:19.078 [http-nio-8080-exec-1] INFO   o.s.w.s.DispatcherServlet - Completed initialization in 0 ms
20.01.2022 22:37:19.102 [http-nio-8080-exec-1] WARN   o.s.w.s.m.s.DefaultHandlerExceptionResolver - Resolved [org.springframework.web.method.annotation.MethodArgumentTypeMismatchException: Failed to convert value of type 'java.lang.String' to required type 'java.lang.Long'; nested exception is java.lang.NumberFormatException: For input string: "call"]
20.01.2022 22:37:33.413 [http-nio-8080-exec-3] INFO   e.m.e.t.c.ClientController - Get-request received with clientId: 1
20.01.2022 22:37:33.421 [http-nio-8080-exec-3] INFO   e.m.e.t.s.c.ClientServiceImpl - Taxi call.
20.01.2022 22:37:33.421 [http-nio-8080-exec-3] INFO   e.m.e.t.s.c.ClientServiceImpl - Taxi call for client with id: 1!
20.01.2022 22:37:33.421 [http-nio-8080-exec-3] INFO   e.m.e.t.s.c.ClientServiceImpl - Client search by id.
20.01.2022 22:37:33.459 [http-nio-8080-exec-3] INFO   e.m.e.t.s.c.ClientServiceImpl - Client with id=1 found!
20.01.2022 22:37:33.526 [http-nio-8080-exec-3] INFO   e.m.e.t.s.d.DispatcherServiceImpl - Dispatcher with id=4: DispatcherDto(id=4, name=Roman, dayoff=13:00, startLunch=14:00, endLunch=14:00, workStatus=true)
20.01.2022 22:37:33.533 [http-nio-8080-exec-3] INFO   e.m.e.t.s.d.DispatcherServiceImpl - Dispatcher with id=4 working: DispatcherDto(id=4, name=Roman, dayoff=13:00, startLunch=14:00, endLunch=14:00, workStatus=true)
20.01.2022 22:37:33.552 [http-nio-8080-exec-3] INFO   e.m.e.t.s.d.DriverServiceImpl - Driver with name=Ivan
20.01.2022 22:37:33.552 [http-nio-8080-exec-3] INFO   e.m.e.t.s.d.DriverServiceImpl - Driver with id=3 working: DriverDto(id=3, name=Ivan, dayoff=Tuesday, car=free, workStatus=true, busy=false)
20.01.2022 22:37:33.561 [http-nio-8080-exec-3] INFO   e.m.e.t.s.d.DriverServiceImpl - Working driver with name=Ivan not busy
20.01.2022 22:37:33.567 [http-nio-8080-exec-3] INFO   e.m.e.t.s.d.DispatcherServiceImpl - Found a working driver with name=Ivan
20.01.2022 22:37:33.574 [http-nio-8080-exec-3] INFO   e.m.e.t.s.c.CarServiceImpl - Car with id: 2
20.01.2022 22:37:33.575 [http-nio-8080-exec-3] INFO   e.m.e.t.s.c.CarServiceImpl - Car with id=2 not busy
20.01.2022 22:37:33.579 [http-nio-8080-exec-3] INFO   e.m.e.t.s.c.CarServiceImpl - Working car with id=2 not busy
20.01.2022 22:37:33.579 [http-nio-8080-exec-3] INFO   e.m.e.t.s.d.DispatcherServiceImpl - Found a working car with number=456789
20.01.2022 22:37:33.579 [http-nio-8080-exec-3] INFO   e.m.e.t.s.d.DispatcherServiceImpl - Working driver with name=Ivan is busy with client who has an name=Roman
20.01.2022 22:37:33.579 [http-nio-8080-exec-3] INFO   e.m.e.t.s.d.DispatcherServiceImpl - Working car with number=456789 is busy with client who has an name=Roman
20.01.2022 22:37:33.579 [http-nio-8080-exec-3] INFO   e.m.e.t.s.d.DispatcherServiceImpl - Assign car=456789 to driver=Ivan
20.01.2022 22:37:33.583 [http-nio-8080-exec-3] INFO   e.m.e.t.s.d.DispatcherServiceImpl - Метод releaseDriverAndCarAfterOrdering запущен: Thu Jan 20 22:37:33 MSK 2022
20.01.2022 22:37:33.585 [http-nio-8080-exec-3] INFO   e.m.e.t.s.d.DispatcherServiceImpl - Start timer "Врема заказа" in: 20000 mc
20.01.2022 22:37:33.585 [http-nio-8080-exec-3] INFO   e.m.e.t.s.d.DispatcherServiceImpl - Начало заказа: Thu Jan 20 22:37:33 MSK 2022
20.01.2022 22:37:33.597 [http-nio-8080-exec-3] INFO   e.m.e.t.s.c.ClientServiceImpl - Client validation: ClientDto(id=1, name=Roman, orderNumber=6926810).
20.01.2022 22:37:33.603 [http-nio-8080-exec-3] INFO   e.m.e.t.s.c.ClientServiceImpl - Save the client.
20.01.2022 22:37:33.603 [http-nio-8080-exec-3] INFO   e.m.e.t.s.c.ClientServiceImpl - Client saved: ClientDto(id=1, name=Roman, orderNumber=6926810)!
20.01.2022 22:37:33.610 [http-nio-8080-exec-3] INFO   e.m.e.t.s.c.ClientServiceImpl - Order data:
-- Order id: 33
-- Order number: 6926810
-- Client name: Roman
-- Dispatcher name: Roman
-- Driver name: Ivan
-- Car number: 456789

20.01.2022 22:37:33.611 [http-nio-8080-exec-3] INFO   e.m.e.t.c.ClientController - The result is returned: OrderNumberDto(id=33, number=6926810, client=Roman, dispatcher=Roman, driver=Ivan, car=456789)
20.01.2022 22:37:36.194 [http-nio-8080-exec-4] INFO   e.m.e.t.c.ClientController - Get-request received with clientId: 1
20.01.2022 22:37:36.194 [http-nio-8080-exec-4] INFO   e.m.e.t.s.c.ClientServiceImpl - Taxi call.
20.01.2022 22:37:36.194 [http-nio-8080-exec-4] INFO   e.m.e.t.s.c.ClientServiceImpl - Taxi call for client with id: 1!
20.01.2022 22:37:36.194 [http-nio-8080-exec-4] INFO   e.m.e.t.s.c.ClientServiceImpl - Client search by id.
20.01.2022 22:37:36.196 [http-nio-8080-exec-4] INFO   e.m.e.t.s.c.ClientServiceImpl - Client with id=1 found!
20.01.2022 22:37:36.196 [http-nio-8080-exec-4] INFO   e.m.e.t.s.c.ClientServiceImpl - The client called a taxi before completion. His order: 6926810
20.01.2022 22:37:39.545 [http-nio-8080-exec-5] INFO   e.m.e.t.c.ClientController - Get-request received with clientId: 1
20.01.2022 22:37:39.545 [http-nio-8080-exec-5] INFO   e.m.e.t.s.c.ClientServiceImpl - Taxi call.
20.01.2022 22:37:39.545 [http-nio-8080-exec-5] INFO   e.m.e.t.s.c.ClientServiceImpl - Taxi call for client with id: 1!
20.01.2022 22:37:39.545 [http-nio-8080-exec-5] INFO   e.m.e.t.s.c.ClientServiceImpl - Client search by id.
20.01.2022 22:37:39.547 [http-nio-8080-exec-5] INFO   e.m.e.t.s.c.ClientServiceImpl - Client with id=1 found!
20.01.2022 22:37:39.547 [http-nio-8080-exec-5] INFO   e.m.e.t.s.c.ClientServiceImpl - The client called a taxi before completion. His order: 6926810
20.01.2022 22:37:53.588 [Врема заказа] INFO   e.m.e.t.s.d.DispatcherServiceImpl - Задача "Врема заказа" запущена: Thu Jan 20 22:37:53 MSK 2022
20.01.2022 22:37:53.613 [Врема заказа] INFO   e.m.e.t.s.c.ClientServiceImpl - Client validation: ClientDto(id=1, name=Roman, orderNumber=No order).
20.01.2022 22:37:53.626 [Врема заказа] INFO   e.m.e.t.s.c.ClientServiceImpl - Update the client with id: 1.
20.01.2022 22:37:53.626 [Врема заказа] INFO   e.m.e.t.s.c.ClientServiceImpl - Client updated: ClientDto(id=1, name=Roman, orderNumber=No order)!
20.01.2022 22:37:53.626 [Врема заказа] INFO   e.m.e.t.s.d.DispatcherServiceImpl - Автомоболь с id=2 и ресурсом=0 отправлен на ремонт после заказа
20.01.2022 22:37:53.627 [Врема заказа] INFO   e.m.e.t.s.c.CarServiceImpl - Car with id=2 arrived for repair
20.01.2022 22:37:53.645 [Врема заказа] INFO   e.m.e.t.s.m.MechanicServiceImpl - Метод repairCar запущен: Thu Jan 20 22:37:53 MSK 2022
20.01.2022 22:37:53.647 [pool-1-thread-1] INFO   e.m.e.t.s.m.MechanicServiceImpl$CallableClass - Mechanic free
20.01.2022 22:37:53.656 [pool-1-thread-1] INFO   e.m.e.t.s.m.MechanicServiceImpl$CallableClass - Mechanic busy
20.01.2022 22:37:53.657 [pool-1-thread-1] INFO   e.m.e.t.s.m.MechanicServiceImpl$CallableClass - Start timer "Время ремонта" in: 1 mc
20.01.2022 22:37:53.657 [pool-1-thread-1] INFO   e.m.e.t.s.m.MechanicServiceImpl$CallableClass - Начало ремонта: Thu Jan 20 22:37:53 MSK 2022
20.01.2022 22:37:53.657 [Врема заказа] INFO   e.m.e.t.s.m.MechanicServiceImpl - Результат выполнения нити Callable: 1642707473658
20.01.2022 22:37:53.657 [Врема заказа] INFO   e.m.e.t.s.m.MechanicServiceImpl - Car with number car=456789 under repair
20.01.2022 22:37:53.657 [Врема заказа] INFO   e.m.e.t.s.d.DispatcherServiceImpl - Конец заказа: Thu Jan 20 22:37:53 MSK 2022
20.01.2022 22:37:53.665 [Время ремонта] INFO   e.m.e.t.s.m.MechanicServiceImpl$TimerRepairCar - Задача "Время ремонта" запущена: Thu Jan 20 22:37:53 MSK 2022
20.01.2022 22:37:53.665 [Время ремонта] INFO   e.m.e.t.s.m.MechanicServiceImpl$TimerRepairCar - Car resource before repair: 0
20.01.2022 22:37:53.665 [Время ремонта] INFO   e.m.e.t.s.m.MechanicServiceImpl$TimerRepairCar - Car resource after repair: 5
20.01.2022 22:37:53.671 [Время ремонта] INFO   e.m.e.t.s.m.MechanicServiceImpl$TimerRepairCar - Mechanic freed
20.01.2022 22:37:53.671 [Время ремонта] INFO   e.m.e.t.s.m.MechanicServiceImpl$TimerRepairCar - Конец ремонта: Thu Jan 20 22:37:53 MSK 2022
20.01.2022 23:19:49.896 [main] INFO   e.m.e.t.TaxiStationApplication - Starting TaxiStationApplication using Java 11.0.6 on NB-100286 with PID 55236 (C:\Users\EIdrisov\IdeaProjects\Project\TaxiStation\target\classes started by EIdrisov in C:\Users\EIdrisov\IdeaProjects\Project\TaxiStation)
20.01.2022 23:19:49.897 [main] INFO   e.m.e.t.TaxiStationApplication - No active profile set, falling back to default profiles: default
20.01.2022 23:19:50.406 [main] INFO   o.s.d.r.c.RepositoryConfigurationDelegate - Bootstrapping Spring Data JPA repositories in DEFAULT mode.
20.01.2022 23:19:50.458 [main] INFO   o.s.d.r.c.RepositoryConfigurationDelegate - Finished Spring Data repository scanning in 47 ms. Found 6 JPA repository interfaces.
20.01.2022 23:19:50.759 [main] INFO   o.s.b.w.e.t.TomcatWebServer - Tomcat initialized with port(s): 8080 (http)
20.01.2022 23:19:50.766 [main] INFO   o.a.c.h.Http11NioProtocol - Initializing ProtocolHandler ["http-nio-8080"]
20.01.2022 23:19:50.767 [main] INFO   o.a.c.c.StandardService - Starting service [Tomcat]
20.01.2022 23:19:50.767 [main] INFO   o.a.c.c.StandardEngine - Starting Servlet engine: [Apache Tomcat/9.0.56]
20.01.2022 23:19:50.838 [main] INFO   o.a.c.c.C.[.[.[/] - Initializing Spring embedded WebApplicationContext
20.01.2022 23:19:50.838 [main] INFO   o.s.b.w.s.c.ServletWebServerApplicationContext - Root WebApplicationContext: initialization completed in 898 ms
20.01.2022 23:19:50.956 [main] INFO   o.h.j.i.u.LogHelper - HHH000204: Processing PersistenceUnitInfo [name: default]
20.01.2022 23:19:50.997 [main] INFO   o.hibernate.Version - HHH000412: Hibernate ORM core version 5.6.3.Final
20.01.2022 23:19:51.101 [main] INFO   o.h.a.common.Version - HCANN000001: Hibernate Commons Annotations {5.1.2.Final}
20.01.2022 23:19:51.161 [main] INFO   c.z.h.HikariDataSource - HikariPool-1 - Starting...
20.01.2022 23:19:51.394 [main] INFO   c.z.h.HikariDataSource - HikariPool-1 - Start completed.
20.01.2022 23:19:51.409 [main] INFO   o.h.dialect.Dialect - HHH000400: Using dialect: org.hibernate.dialect.PostgreSQL10Dialect
20.01.2022 23:19:51.882 [main] INFO   o.h.e.t.j.p.i.JtaPlatformInitiator - HHH000490: Using JtaPlatform implementation: [org.hibernate.engine.transaction.jta.platform.internal.NoJtaPlatform]
20.01.2022 23:19:51.888 [main] INFO   o.s.o.j.LocalContainerEntityManagerFactoryBean - Initialized JPA EntityManagerFactory for persistence unit 'default'
20.01.2022 23:19:52.244 [main] WARN   o.s.b.a.o.j.JpaBaseConfiguration$JpaWebConfiguration - spring.jpa.open-in-view is enabled by default. Therefore, database queries may be performed during view rendering. Explicitly configure spring.jpa.open-in-view to disable this warning
20.01.2022 23:19:52.380 [main] INFO   o.s.b.a.w.s.WelcomePageHandlerMapping - Adding welcome page: class path resource [static/index.html]
20.01.2022 23:19:52.468 [main] INFO   o.a.c.h.Http11NioProtocol - Starting ProtocolHandler ["http-nio-8080"]
20.01.2022 23:19:52.481 [main] INFO   o.s.b.w.e.t.TomcatWebServer - Tomcat started on port(s): 8080 (http) with context path ''
20.01.2022 23:19:52.490 [main] INFO   e.m.e.t.TaxiStationApplication - Started TaxiStationApplication in 2.905 seconds (JVM running for 3.519)
20.01.2022 23:20:04.437 [http-nio-8080-exec-1] INFO   o.a.c.c.C.[.[.[/] - Initializing Spring DispatcherServlet 'dispatcherServlet'
20.01.2022 23:20:04.438 [http-nio-8080-exec-1] INFO   o.s.w.s.DispatcherServlet - Initializing Servlet 'dispatcherServlet'
20.01.2022 23:20:04.439 [http-nio-8080-exec-1] INFO   o.s.w.s.DispatcherServlet - Completed initialization in 1 ms
20.01.2022 23:20:04.465 [http-nio-8080-exec-1] WARN   o.s.w.s.m.s.DefaultHandlerExceptionResolver - Resolved [org.springframework.web.method.annotation.MethodArgumentTypeMismatchException: Failed to convert value of type 'java.lang.String' to required type 'java.lang.Long'; nested exception is java.lang.NumberFormatException: For input string: "call"]
20.01.2022 23:20:08.156 [http-nio-8080-exec-2] INFO   e.m.e.t.c.ClientController - Get-request received with clientId: 1
20.01.2022 23:20:08.166 [http-nio-8080-exec-2] INFO   e.m.e.t.s.c.ClientServiceImpl - Taxi call.
20.01.2022 23:20:08.166 [http-nio-8080-exec-2] INFO   e.m.e.t.s.c.ClientServiceImpl - Taxi call for client with id: 1!
20.01.2022 23:20:08.166 [http-nio-8080-exec-2] INFO   e.m.e.t.s.c.ClientServiceImpl - Client search by id.
20.01.2022 23:20:08.194 [http-nio-8080-exec-2] INFO   e.m.e.t.s.c.ClientServiceImpl - Client with id=1 not found!
